This file contains any messages produced by compilers while
running configure, to aid debugging if configure makes a mistake.

It was created by mrlock configure 1.0, which was
generated by GNU Autoconf 2.69.  Invocation command line was

  $ ./configure 

## --------- ##
## Platform. ##
## --------- ##

hostname = julian-kde-desktop
uname -m = x86_64
uname -r = 5.3.0-42-generic
uname -s = Linux
uname -v = #34~18.04.1-Ubuntu SMP Fri Feb 28 13:42:26 UTC 2020

/usr/bin/uname -p = unknown
/bin/uname -X     = unknown

/bin/arch              = unknown
/usr/bin/arch -k       = unknown
/usr/convex/getsysinfo = unknown
/usr/bin/hostinfo      = unknown
/bin/machine           = unknown
/usr/bin/oslevel       = unknown
/bin/universe          = unknown

PATH: /home/julian/.opam/4.06.1/bin
PATH: /home/julian/.local/bin
PATH: /usr/local/sbin
PATH: /usr/local/bin
PATH: /usr/sbin
PATH: /usr/bin
PATH: /sbin
PATH: /bin
PATH: /usr/games
PATH: /usr/local/games
PATH: /snap/bin


## ----------- ##
## Core tests. ##
## ----------- ##

configure:2332: checking for a BSD-compatible install
configure:2400: result: /usr/bin/install -c
configure:2411: checking whether build environment is sane
configure:2466: result: yes
configure:2617: checking for a thread-safe mkdir -p
configure:2656: result: /bin/mkdir -p
configure:2663: checking for gawk
configure:2693: result: no
configure:2663: checking for mawk
configure:2679: found /usr/bin/mawk
configure:2690: result: mawk
configure:2701: checking whether make sets $(MAKE)
configure:2723: result: yes
configure:2752: checking whether make supports nested variables
configure:2769: result: yes
configure:2928: checking build system type
configure:2942: result: x86_64-pc-linux-gnu
configure:2962: checking host system type
configure:2975: result: x86_64-pc-linux-gnu
configure:3016: checking how to print strings
configure:3043: result: printf
configure:3076: checking for style of include used by make
configure:3104: result: GNU
configure:3175: checking for gcc
configure:3191: found /usr/bin/gcc
configure:3202: result: gcc
configure:3431: checking for C compiler version
configure:3440: gcc --version >&5
gcc (Ubuntu 7.5.0-3ubuntu1~18.04) 7.5.0
Copyright (C) 2017 Free Software Foundation, Inc.
This is free software; see the source for copying conditions.  There is NO
warranty; not even for MERCHANTABILITY or FITNESS FOR A PARTICULAR PURPOSE.

configure:3451: $? = 0
configure:3440: gcc -v >&5
Using built-in specs.
COLLECT_GCC=gcc
COLLECT_LTO_WRAPPER=/usr/lib/gcc/x86_64-linux-gnu/7/lto-wrapper
OFFLOAD_TARGET_NAMES=nvptx-none
OFFLOAD_TARGET_DEFAULT=1
Target: x86_64-linux-gnu
Configured with: ../src/configure -v --with-pkgversion='Ubuntu 7.5.0-3ubuntu1~18.04' --with-bugurl=file:///usr/share/doc/gcc-7/README.Bugs --enable-languages=c,ada,c++,go,brig,d,fortran,objc,obj-c++ --prefix=/usr --with-gcc-major-version-only --program-suffix=-7 --program-prefix=x86_64-linux-gnu- --enable-shared --enable-linker-build-id --libexecdir=/usr/lib --without-included-gettext --enable-threads=posix --libdir=/usr/lib --enable-nls --enable-bootstrap --enable-clocale=gnu --enable-libstdcxx-debug --enable-libstdcxx-time=yes --with-default-libstdcxx-abi=new --enable-gnu-unique-object --disable-vtable-verify --enable-libmpx --enable-plugin --enable-default-pie --with-system-zlib --with-target-system-zlib --enable-objc-gc=auto --enable-multiarch --disable-werror --with-arch-32=i686 --with-abi=m64 --with-multilib-list=m32,m64,mx32 --enable-multilib --with-tune=generic --enable-offload-targets=nvptx-none --without-cuda-driver --enable-checking=release --build=x86_64-linux-gnu --host=x86_64-linux-gnu --target=x86_64-linux-gnu
Thread model: posix
gcc version 7.5.0 (Ubuntu 7.5.0-3ubuntu1~18.04) 
configure:3451: $? = 0
configure:3440: gcc -V >&5
gcc: error: unrecognized command line option '-V'
gcc: fatal error: no input files
compilation terminated.
configure:3451: $? = 1
configure:3440: gcc -qversion >&5
gcc: error: unrecognized command line option '-qversion'; did you mean '--version'?
gcc: fatal error: no input files
compilation terminated.
configure:3451: $? = 1
configure:3471: checking whether the C compiler works
configure:3493: gcc    conftest.c  >&5
configure:3497: $? = 0
configure:3545: result: yes
configure:3548: checking for C compiler default output file name
configure:3550: result: a.out
configure:3556: checking for suffix of executables
configure:3563: gcc -o conftest    conftest.c  >&5
configure:3567: $? = 0
configure:3589: result: 
configure:3611: checking whether we are cross compiling
configure:3619: gcc -o conftest    conftest.c  >&5
configure:3623: $? = 0
configure:3630: ./conftest
configure:3634: $? = 0
configure:3649: result: no
configure:3654: checking for suffix of object files
configure:3676: gcc -c   conftest.c >&5
configure:3680: $? = 0
configure:3701: result: o
configure:3705: checking whether we are using the GNU C compiler
configure:3724: gcc -c   conftest.c >&5
configure:3724: $? = 0
configure:3733: result: yes
configure:3742: checking whether gcc accepts -g
configure:3762: gcc -c -g  conftest.c >&5
configure:3762: $? = 0
configure:3803: result: yes
configure:3820: checking for gcc option to accept ISO C89
configure:3883: gcc  -c -g -O2  conftest.c >&5
configure:3883: $? = 0
configure:3896: result: none needed
configure:3921: checking whether gcc understands -c and -o together
configure:3943: gcc -c conftest.c -o conftest2.o
configure:3946: $? = 0
configure:3943: gcc -c conftest.c -o conftest2.o
configure:3946: $? = 0
configure:3958: result: yes
configure:3977: checking dependency style of gcc
configure:4088: result: gcc3
configure:4103: checking for a sed that does not truncate output
configure:4167: result: /bin/sed
configure:4185: checking for grep that handles long lines and -e
configure:4243: result: /bin/grep
configure:4248: checking for egrep
configure:4310: result: /bin/grep -E
configure:4315: checking for fgrep
configure:4377: result: /bin/grep -F
configure:4412: checking for ld used by gcc
configure:4479: result: /usr/bin/ld
configure:4486: checking if the linker (/usr/bin/ld) is GNU ld
configure:4501: result: yes
configure:4513: checking for BSD- or MS-compatible name lister (nm)
configure:4567: result: /usr/bin/nm -B
configure:4697: checking the name lister (/usr/bin/nm -B) interface
configure:4704: gcc -c -g -O2  conftest.c >&5
configure:4707: /usr/bin/nm -B "conftest.o"
configure:4710: output
0000000000000000 B some_variable
configure:4717: result: BSD nm
configure:4720: checking whether ln -s works
configure:4724: result: yes
configure:4732: checking the maximum length of command line arguments
configure:4863: result: 1572864
configure:4911: checking how to convert x86_64-pc-linux-gnu file names to x86_64-pc-linux-gnu format
configure:4951: result: func_convert_file_noop
configure:4958: checking how to convert x86_64-pc-linux-gnu file names to toolchain format
configure:4978: result: func_convert_file_noop
configure:4985: checking for /usr/bin/ld option to reload object files
configure:4992: result: -r
configure:5066: checking for objdump
configure:5082: found /usr/bin/objdump
configure:5093: result: objdump
configure:5125: checking how to recognize dependent libraries
configure:5325: result: pass_all
configure:5410: checking for dlltool
configure:5440: result: no
configure:5470: checking how to associate runtime and link libraries
configure:5497: result: printf %s\n
configure:5558: checking for ar
configure:5574: found /usr/bin/ar
configure:5585: result: ar
configure:5622: checking for archiver @FILE support
configure:5639: gcc -c -g -O2  conftest.c >&5
configure:5639: $? = 0
configure:5642: ar cru libconftest.a @conftest.lst >&5
ar: `u' modifier ignored since `D' is the default (see `U')
configure:5645: $? = 0
configure:5650: ar cru libconftest.a @conftest.lst >&5
ar: `u' modifier ignored since `D' is the default (see `U')
ar: conftest.o: No such file or directory
configure:5653: $? = 1
configure:5665: result: @
configure:5723: checking for strip
configure:5739: found /usr/bin/strip
configure:5750: result: strip
configure:5822: checking for ranlib
configure:5838: found /usr/bin/ranlib
configure:5849: result: ranlib
configure:5951: checking command to parse /usr/bin/nm -B output from gcc object
configure:6104: gcc -c -g -O2  conftest.c >&5
configure:6107: $? = 0
configure:6111: /usr/bin/nm -B conftest.o \| sed -n -e 's/^.*[ ]\([ABCDGIRSTW][ABCDGIRSTW]*\)[ ][ ]*\([_A-Za-z][_A-Za-z0-9]*\)$/\1 \2 \2/p' | sed '/ __gnu_lto/d' \> conftest.nm
configure:6114: $? = 0
configure:6180: gcc -o conftest -g -O2   conftest.c conftstm.o >&5
configure:6183: $? = 0
configure:6221: result: ok
configure:6268: checking for sysroot
configure:6298: result: no
configure:6305: checking for a working dd
configure:6343: result: /bin/dd
configure:6347: checking how to truncate binary pipes
configure:6362: result: /bin/dd bs=4096 count=1
configure:6498: gcc -c -g -O2  conftest.c >&5
configure:6501: $? = 0
configure:6691: checking for mt
configure:6707: found /bin/mt
configure:6718: result: mt
configure:6741: checking if mt is a manifest tool
configure:6747: mt '-?'
configure:6755: result: no
configure:7432: checking how to run the C preprocessor
configure:7463: gcc -E  conftest.c
configure:7463: $? = 0
configure:7477: gcc -E  conftest.c
conftest.c:11:10: fatal error: ac_nonexistent.h: No such file or directory
 #include <ac_nonexistent.h>
          ^~~~~~~~~~~~~~~~~~
compilation terminated.
configure:7477: $? = 1
configure: failed program was:
| /* confdefs.h */
| #define PACKAGE_NAME "mrlock"
| #define PACKAGE_TARNAME "mrlock"
| #define PACKAGE_VERSION "1.0"
| #define PACKAGE_STRING "mrlock 1.0"
| #define PACKAGE_BUGREPORT "de-li.zhang@knights.ucf.edu"
| #define PACKAGE_URL ""
| #define PACKAGE "mrlock"
| #define VERSION "1.0"
| /* end confdefs.h.  */
| #include <ac_nonexistent.h>
configure:7502: result: gcc -E
configure:7522: gcc -E  conftest.c
configure:7522: $? = 0
configure:7536: gcc -E  conftest.c
conftest.c:11:10: fatal error: ac_nonexistent.h: No such file or directory
 #include <ac_nonexistent.h>
          ^~~~~~~~~~~~~~~~~~
compilation terminated.
configure:7536: $? = 1
configure: failed program was:
| /* confdefs.h */
| #define PACKAGE_NAME "mrlock"
| #define PACKAGE_TARNAME "mrlock"
| #define PACKAGE_VERSION "1.0"
| #define PACKAGE_STRING "mrlock 1.0"
| #define PACKAGE_BUGREPORT "de-li.zhang@knights.ucf.edu"
| #define PACKAGE_URL ""
| #define PACKAGE "mrlock"
| #define VERSION "1.0"
| /* end confdefs.h.  */
| #include <ac_nonexistent.h>
configure:7565: checking for ANSI C header files
configure:7585: gcc -c -g -O2  conftest.c >&5
configure:7585: $? = 0
configure:7658: gcc -o conftest -g -O2   conftest.c  >&5
configure:7658: $? = 0
configure:7658: ./conftest
configure:7658: $? = 0
configure:7669: result: yes
configure:7682: checking for sys/types.h
configure:7682: gcc -c -g -O2  conftest.c >&5
configure:7682: $? = 0
configure:7682: result: yes
configure:7682: checking for sys/stat.h
configure:7682: gcc -c -g -O2  conftest.c >&5
configure:7682: $? = 0
configure:7682: result: yes
configure:7682: checking for stdlib.h
configure:7682: gcc -c -g -O2  conftest.c >&5
configure:7682: $? = 0
configure:7682: result: yes
configure:7682: checking for string.h
configure:7682: gcc -c -g -O2  conftest.c >&5
configure:7682: $? = 0
configure:7682: result: yes
configure:7682: checking for memory.h
configure:7682: gcc -c -g -O2  conftest.c >&5
configure:7682: $? = 0
configure:7682: result: yes
configure:7682: checking for strings.h
configure:7682: gcc -c -g -O2  conftest.c >&5
configure:7682: $? = 0
configure:7682: result: yes
configure:7682: checking for inttypes.h
configure:7682: gcc -c -g -O2  conftest.c >&5
configure:7682: $? = 0
configure:7682: result: yes
configure:7682: checking for stdint.h
configure:7682: gcc -c -g -O2  conftest.c >&5
configure:7682: $? = 0
configure:7682: result: yes
configure:7682: checking for unistd.h
configure:7682: gcc -c -g -O2  conftest.c >&5
configure:7682: $? = 0
configure:7682: result: yes
configure:7696: checking for dlfcn.h
configure:7696: gcc -c -g -O2  conftest.c >&5
configure:7696: $? = 0
configure:7696: result: yes
configure:7952: checking for objdir
configure:7967: result: .libs
configure:8231: checking if gcc supports -fno-rtti -fno-exceptions
configure:8249: gcc -c -g -O2  -fno-rtti -fno-exceptions conftest.c >&5
cc1: warning: command line option '-fno-rtti' is valid for C++/ObjC++ but not for C
configure:8253: $? = 0
configure:8266: result: no
configure:8624: checking for gcc option to produce PIC
configure:8631: result: -fPIC -DPIC
configure:8639: checking if gcc PIC flag -fPIC -DPIC works
configure:8657: gcc -c -g -O2  -fPIC -DPIC -DPIC conftest.c >&5
configure:8661: $? = 0
configure:8674: result: yes
configure:8703: checking if gcc static flag -static works
configure:8731: result: yes
configure:8746: checking if gcc supports -c -o file.o
configure:8767: gcc -c -g -O2  -o out/conftest2.o conftest.c >&5
configure:8771: $? = 0
configure:8793: result: yes
configure:8801: checking if gcc supports -c -o file.o
configure:8848: result: yes
configure:8881: checking whether the gcc linker (/usr/bin/ld -m elf_x86_64) supports shared libraries
configure:10144: result: yes
configure:10181: checking whether -lc should be explicitly linked in
configure:10189: gcc -c -g -O2  conftest.c >&5
configure:10192: $? = 0
configure:10207: gcc -shared  -fPIC -DPIC conftest.o  -v -Wl,-soname -Wl,conftest -o conftest 2\>\&1 \| /bin/grep  -lc  \>/dev/null 2\>\&1
configure:10210: $? = 0
configure:10224: result: no
configure:10384: checking dynamic linker characteristics
configure:10965: gcc -o conftest -g -O2   -Wl,-rpath -Wl,/foo conftest.c  >&5
configure:10965: $? = 0
configure:11214: result: GNU/Linux ld.so
configure:11336: checking how to hardcode library paths into programs
configure:11361: result: immediate
configure:11909: checking whether stripping libraries is possible
configure:11914: result: yes
configure:11949: checking if libtool supports shared libraries
configure:11951: result: yes
configure:11954: checking whether to build shared libraries
configure:11979: result: yes
configure:11982: checking whether to build static libraries
configure:11986: result: yes
configure:12085: checking for g++
configure:12101: found /usr/bin/g++
configure:12112: result: g++
configure:12139: checking for C++ compiler version
configure:12148: g++ --version >&5
g++ (Ubuntu 7.5.0-3ubuntu1~18.04) 7.5.0
Copyright (C) 2017 Free Software Foundation, Inc.
This is free software; see the source for copying conditions.  There is NO
warranty; not even for MERCHANTABILITY or FITNESS FOR A PARTICULAR PURPOSE.

configure:12159: $? = 0
configure:12148: g++ -v >&5
Using built-in specs.
COLLECT_GCC=g++
COLLECT_LTO_WRAPPER=/usr/lib/gcc/x86_64-linux-gnu/7/lto-wrapper
OFFLOAD_TARGET_NAMES=nvptx-none
OFFLOAD_TARGET_DEFAULT=1
Target: x86_64-linux-gnu
Configured with: ../src/configure -v --with-pkgversion='Ubuntu 7.5.0-3ubuntu1~18.04' --with-bugurl=file:///usr/share/doc/gcc-7/README.Bugs --enable-languages=c,ada,c++,go,brig,d,fortran,objc,obj-c++ --prefix=/usr --with-gcc-major-version-only --program-suffix=-7 --program-prefix=x86_64-linux-gnu- --enable-shared --enable-linker-build-id --libexecdir=/usr/lib --without-included-gettext --enable-threads=posix --libdir=/usr/lib --enable-nls --enable-bootstrap --enable-clocale=gnu --enable-libstdcxx-debug --enable-libstdcxx-time=yes --with-default-libstdcxx-abi=new --enable-gnu-unique-object --disable-vtable-verify --enable-libmpx --enable-plugin --enable-default-pie --with-system-zlib --with-target-system-zlib --enable-objc-gc=auto --enable-multiarch --disable-werror --with-arch-32=i686 --with-abi=m64 --with-multilib-list=m32,m64,mx32 --enable-multilib --with-tune=generic --enable-offload-targets=nvptx-none --without-cuda-driver --enable-checking=release --build=x86_64-linux-gnu --host=x86_64-linux-gnu --target=x86_64-linux-gnu
Thread model: posix
gcc version 7.5.0 (Ubuntu 7.5.0-3ubuntu1~18.04) 
configure:12159: $? = 0
configure:12148: g++ -V >&5
g++: error: unrecognized command line option '-V'
g++: fatal error: no input files
compilation terminated.
configure:12159: $? = 1
configure:12148: g++ -qversion >&5
g++: error: unrecognized command line option '-qversion'; did you mean '--version'?
g++: fatal error: no input files
compilation terminated.
configure:12159: $? = 1
configure:12163: checking whether we are using the GNU C++ compiler
configure:12182: g++ -c -g -O1 -Wl,--no-as-needed  conftest.cpp >&5
configure:12182: $? = 0
configure:12191: result: yes
configure:12200: checking whether g++ accepts -g
configure:12220: g++ -c -g  conftest.cpp >&5
configure:12220: $? = 0
configure:12261: result: yes
configure:12286: checking dependency style of g++
configure:12397: result: gcc3
configure:12430: checking how to run the C++ preprocessor
configure:12457: g++ -E  conftest.cpp
configure:12457: $? = 0
configure:12471: g++ -E  conftest.cpp
conftest.cpp:23:10: fatal error: ac_nonexistent.h: No such file or directory
 #include <ac_nonexistent.h>
          ^~~~~~~~~~~~~~~~~~
compilation terminated.
configure:12471: $? = 1
configure: failed program was:
| /* confdefs.h */
| #define PACKAGE_NAME "mrlock"
| #define PACKAGE_TARNAME "mrlock"
| #define PACKAGE_VERSION "1.0"
| #define PACKAGE_STRING "mrlock 1.0"
| #define PACKAGE_BUGREPORT "de-li.zhang@knights.ucf.edu"
| #define PACKAGE_URL ""
| #define PACKAGE "mrlock"
| #define VERSION "1.0"
| #define STDC_HEADERS 1
| #define HAVE_SYS_TYPES_H 1
| #define HAVE_SYS_STAT_H 1
| #define HAVE_STDLIB_H 1
| #define HAVE_STRING_H 1
| #define HAVE_MEMORY_H 1
| #define HAVE_STRINGS_H 1
| #define HAVE_INTTYPES_H 1
| #define HAVE_STDINT_H 1
| #define HAVE_UNISTD_H 1
| #define HAVE_DLFCN_H 1
| #define LT_OBJDIR ".libs/"
| /* end confdefs.h.  */
| #include <ac_nonexistent.h>
configure:12496: result: g++ -E
configure:12516: g++ -E  conftest.cpp
configure:12516: $? = 0
configure:12530: g++ -E  conftest.cpp
conftest.cpp:23:10: fatal error: ac_nonexistent.h: No such file or directory
 #include <ac_nonexistent.h>
          ^~~~~~~~~~~~~~~~~~
compilation terminated.
configure:12530: $? = 1
configure: failed program was:
| /* confdefs.h */
| #define PACKAGE_NAME "mrlock"
| #define PACKAGE_TARNAME "mrlock"
| #define PACKAGE_VERSION "1.0"
| #define PACKAGE_STRING "mrlock 1.0"
| #define PACKAGE_BUGREPORT "de-li.zhang@knights.ucf.edu"
| #define PACKAGE_URL ""
| #define PACKAGE "mrlock"
| #define VERSION "1.0"
| #define STDC_HEADERS 1
| #define HAVE_SYS_TYPES_H 1
| #define HAVE_SYS_STAT_H 1
| #define HAVE_STDLIB_H 1
| #define HAVE_STRING_H 1
| #define HAVE_MEMORY_H 1
| #define HAVE_STRINGS_H 1
| #define HAVE_INTTYPES_H 1
| #define HAVE_STDINT_H 1
| #define HAVE_UNISTD_H 1
| #define HAVE_DLFCN_H 1
| #define LT_OBJDIR ".libs/"
| /* end confdefs.h.  */
| #include <ac_nonexistent.h>
configure:12692: checking for ld used by g++
configure:12759: result: /usr/bin/ld -m elf_x86_64
configure:12766: checking if the linker (/usr/bin/ld -m elf_x86_64) is GNU ld
configure:12781: result: yes
configure:12836: checking whether the g++ linker (/usr/bin/ld -m elf_x86_64) supports shared libraries
configure:13909: result: yes
configure:13945: g++ -c -g -O1 -Wl,--no-as-needed  conftest.cpp >&5
configure:13948: $? = 0
configure:14429: checking for g++ option to produce PIC
configure:14436: result: -fPIC -DPIC
configure:14444: checking if g++ PIC flag -fPIC -DPIC works
configure:14462: g++ -c -g -O1 -Wl,--no-as-needed  -fPIC -DPIC -DPIC conftest.cpp >&5
configure:14466: $? = 0
configure:14479: result: yes
configure:14502: checking if g++ static flag -static works
configure:14530: result: yes
configure:14542: checking if g++ supports -c -o file.o
configure:14563: g++ -c -g -O1 -Wl,--no-as-needed  -o out/conftest2.o conftest.cpp >&5
configure:14567: $? = 0
configure:14589: result: yes
configure:14594: checking if g++ supports -c -o file.o
configure:14641: result: yes
configure:14671: checking whether the g++ linker (/usr/bin/ld -m elf_x86_64) supports shared libraries
configure:14714: result: yes
configure:14855: checking dynamic linker characteristics
configure:15612: result: GNU/Linux ld.so
configure:15677: checking how to hardcode library paths into programs
configure:15702: result: immediate
configure:15790: checking for gcc
configure:15817: result: gcc
configure:16046: checking for C compiler version
configure:16055: gcc --version >&5
gcc (Ubuntu 7.5.0-3ubuntu1~18.04) 7.5.0
Copyright (C) 2017 Free Software Foundation, Inc.
This is free software; see the source for copying conditions.  There is NO
warranty; not even for MERCHANTABILITY or FITNESS FOR A PARTICULAR PURPOSE.

configure:16066: $? = 0
configure:16055: gcc -v >&5
Using built-in specs.
COLLECT_GCC=gcc
COLLECT_LTO_WRAPPER=/usr/lib/gcc/x86_64-linux-gnu/7/lto-wrapper
OFFLOAD_TARGET_NAMES=nvptx-none
OFFLOAD_TARGET_DEFAULT=1
Target: x86_64-linux-gnu
Configured with: ../src/configure -v --with-pkgversion='Ubuntu 7.5.0-3ubuntu1~18.04' --with-bugurl=file:///usr/share/doc/gcc-7/README.Bugs --enable-languages=c,ada,c++,go,brig,d,fortran,objc,obj-c++ --prefix=/usr --with-gcc-major-version-only --program-suffix=-7 --program-prefix=x86_64-linux-gnu- --enable-shared --enable-linker-build-id --libexecdir=/usr/lib --without-included-gettext --enable-threads=posix --libdir=/usr/lib --enable-nls --enable-bootstrap --enable-clocale=gnu --enable-libstdcxx-debug --enable-libstdcxx-time=yes --with-default-libstdcxx-abi=new --enable-gnu-unique-object --disable-vtable-verify --enable-libmpx --enable-plugin --enable-default-pie --with-system-zlib --with-target-system-zlib --enable-objc-gc=auto --enable-multiarch --disable-werror --with-arch-32=i686 --with-abi=m64 --with-multilib-list=m32,m64,mx32 --enable-multilib --with-tune=generic --enable-offload-targets=nvptx-none --without-cuda-driver --enable-checking=release --build=x86_64-linux-gnu --host=x86_64-linux-gnu --target=x86_64-linux-gnu
Thread model: posix
gcc version 7.5.0 (Ubuntu 7.5.0-3ubuntu1~18.04) 
configure:16066: $? = 0
configure:16055: gcc -V >&5
gcc: error: unrecognized command line option '-V'
gcc: fatal error: no input files
compilation terminated.
configure:16066: $? = 1
configure:16055: gcc -qversion >&5
gcc: error: unrecognized command line option '-qversion'; did you mean '--version'?
gcc: fatal error: no input files
compilation terminated.
configure:16066: $? = 1
configure:16070: checking whether we are using the GNU C compiler
configure:16098: result: yes
configure:16107: checking whether gcc accepts -g
configure:16168: result: yes
configure:16185: checking for gcc option to accept ISO C89
configure:16261: result: none needed
configure:16286: checking whether gcc understands -c and -o together
configure:16323: result: yes
configure:16342: checking dependency style of gcc
configure:16453: result: gcc3
configure:16473: checking how to run the C preprocessor
configure:16543: result: gcc -E
configure:16563: gcc -E  conftest.c
configure:16563: $? = 0
configure:16577: gcc -E  conftest.c
conftest.c:23:10: fatal error: ac_nonexistent.h: No such file or directory
 #include <ac_nonexistent.h>
          ^~~~~~~~~~~~~~~~~~
compilation terminated.
configure:16577: $? = 1
configure: failed program was:
| /* confdefs.h */
| #define PACKAGE_NAME "mrlock"
| #define PACKAGE_TARNAME "mrlock"
| #define PACKAGE_VERSION "1.0"
| #define PACKAGE_STRING "mrlock 1.0"
| #define PACKAGE_BUGREPORT "de-li.zhang@knights.ucf.edu"
| #define PACKAGE_URL ""
| #define PACKAGE "mrlock"
| #define VERSION "1.0"
| #define STDC_HEADERS 1
| #define HAVE_SYS_TYPES_H 1
| #define HAVE_SYS_STAT_H 1
| #define HAVE_STDLIB_H 1
| #define HAVE_STRING_H 1
| #define HAVE_MEMORY_H 1
| #define HAVE_STRINGS_H 1
| #define HAVE_INTTYPES_H 1
| #define HAVE_STDINT_H 1
| #define HAVE_UNISTD_H 1
| #define HAVE_DLFCN_H 1
| #define LT_OBJDIR ".libs/"
| /* end confdefs.h.  */
| #include <ac_nonexistent.h>
configure:16607: checking whether ln -s works
configure:16611: result: yes
configure:16618: checking whether make sets $(MAKE)
configure:16640: result: yes
configure:16651: checking for pthread_create in -lpthread
configure:16676: gcc -o conftest -g -O2   conftest.c -lpthread   >&5
configure:16676: $? = 0
configure:16685: result: yes
configure:16753: checking for boostlib >= 1.37
configure:16807: g++ -c -g -O1 -Wl,--no-as-needed  -I/usr/include conftest.cpp >&5
configure:16807: $? = 0
configure:16809: result: yes
configure:16951: checking for main in -ltbb
configure:16970: gcc -o conftest -g -O2   conftest.c -ltbb  -lpthread  >&5
configure:16970: $? = 0
configure:16979: result: yes
configure:17007: checking for gettimeofday
configure:17007: gcc -o conftest -g -O2   conftest.c -ltbb -lpthread  >&5
configure:17007: $? = 0
configure:17007: result: yes
configure:17007: checking for getrusage
configure:17007: gcc -o conftest -g -O2   conftest.c -ltbb -lpthread  >&5
configure:17007: $? = 0
configure:17007: result: yes
configure:17018: checking for clock_gettime
configure:17018: gcc -o conftest -g -O2   conftest.c -ltbb -lpthread  >&5
configure:17018: $? = 0
configure:17018: result: yes
configure:17183: checking that generated files are newer than configure
configure:17189: result: done
configure:17220: creating ./config.status

## ---------------------- ##
## Running config.status. ##
## ---------------------- ##

This file was extended by mrlock config.status 1.0, which was
generated by GNU Autoconf 2.69.  Invocation command line was

  CONFIG_FILES    = 
  CONFIG_HEADERS  = 
  CONFIG_LINKS    = 
  CONFIG_COMMANDS = 
  $ ./config.status 

on julian-kde-desktop

config.status:1157: creating Makefile
config.status:1157: creating src/Makefile
config.status:1157: creating src/config.h
config.status:1386: executing depfiles commands
config.status:1386: executing libtool commands

## ---------------- ##
## Cache variables. ##
## ---------------- ##

ac_cv_build=x86_64-pc-linux-gnu
ac_cv_c_compiler_gnu=yes
ac_cv_cxx_compiler_gnu=yes
ac_cv_env_CCC_set=
ac_cv_env_CCC_value=
ac_cv_env_CC_set=
ac_cv_env_CC_value=
ac_cv_env_CFLAGS_set=
ac_cv_env_CFLAGS_value=
ac_cv_env_CPPFLAGS_set=
ac_cv_env_CPPFLAGS_value=
ac_cv_env_CPP_set=
ac_cv_env_CPP_value=
ac_cv_env_CXXCPP_set=
ac_cv_env_CXXCPP_value=
ac_cv_env_CXXFLAGS_set=
ac_cv_env_CXXFLAGS_value=
ac_cv_env_CXX_set=
ac_cv_env_CXX_value=
ac_cv_env_LDFLAGS_set=
ac_cv_env_LDFLAGS_value=
ac_cv_env_LIBS_set=
ac_cv_env_LIBS_value=
ac_cv_env_LT_SYS_LIBRARY_PATH_set=
ac_cv_env_LT_SYS_LIBRARY_PATH_value=
ac_cv_env_build_alias_set=
ac_cv_env_build_alias_value=
ac_cv_env_host_alias_set=
ac_cv_env_host_alias_value=
ac_cv_env_target_alias_set=
ac_cv_env_target_alias_value=
ac_cv_func_clock_gettime=yes
ac_cv_func_getrusage=yes
ac_cv_func_gettimeofday=yes
ac_cv_header_dlfcn_h=yes
ac_cv_header_inttypes_h=yes
ac_cv_header_memory_h=yes
ac_cv_header_stdc=yes
ac_cv_header_stdint_h=yes
ac_cv_header_stdlib_h=yes
ac_cv_header_string_h=yes
ac_cv_header_strings_h=yes
ac_cv_header_sys_stat_h=yes
ac_cv_header_sys_types_h=yes
ac_cv_header_unistd_h=yes
ac_cv_host=x86_64-pc-linux-gnu
ac_cv_lib_pthread_pthread_create=yes
ac_cv_lib_tbb_main=yes
ac_cv_objext=o
ac_cv_path_EGREP='/bin/grep -E'
ac_cv_path_FGREP='/bin/grep -F'
ac_cv_path_GREP=/bin/grep
ac_cv_path_SED=/bin/sed
ac_cv_path_install='/usr/bin/install -c'
ac_cv_path_lt_DD=/bin/dd
ac_cv_path_mkdir=/bin/mkdir
ac_cv_prog_AWK=mawk
ac_cv_prog_CPP='gcc -E'
ac_cv_prog_CXXCPP='g++ -E'
ac_cv_prog_ac_ct_AR=ar
ac_cv_prog_ac_ct_CC=gcc
ac_cv_prog_ac_ct_CXX=g++
ac_cv_prog_ac_ct_MANIFEST_TOOL=mt
ac_cv_prog_ac_ct_OBJDUMP=objdump
ac_cv_prog_ac_ct_RANLIB=ranlib
ac_cv_prog_ac_ct_STRIP=strip
ac_cv_prog_cc_c89=
ac_cv_prog_cc_g=yes
ac_cv_prog_cxx_g=yes
ac_cv_prog_make_make_set=yes
am_cv_CC_dependencies_compiler_type=gcc3
am_cv_CXX_dependencies_compiler_type=gcc3
am_cv_make_support_nested_variables=yes
am_cv_prog_cc_c_o=yes
lt_cv_ar_at_file=@
lt_cv_archive_cmds_need_lc=no
lt_cv_deplibs_check_method=pass_all
lt_cv_file_magic_cmd='$MAGIC_CMD'
lt_cv_file_magic_test_file=
lt_cv_ld_reload_flag=-r
lt_cv_nm_interface='BSD nm'
lt_cv_objdir=.libs
lt_cv_path_LD=/usr/bin/ld
lt_cv_path_LDCXX='/usr/bin/ld -m elf_x86_64'
lt_cv_path_NM='/usr/bin/nm -B'
lt_cv_path_mainfest_tool=no
lt_cv_prog_compiler_c_o=yes
lt_cv_prog_compiler_c_o_CXX=yes
lt_cv_prog_compiler_pic='-fPIC -DPIC'
lt_cv_prog_compiler_pic_CXX='-fPIC -DPIC'
lt_cv_prog_compiler_pic_works=yes
lt_cv_prog_compiler_pic_works_CXX=yes
lt_cv_prog_compiler_rtti_exceptions=no
lt_cv_prog_compiler_static_works=yes
lt_cv_prog_compiler_static_works_CXX=yes
lt_cv_prog_gnu_ld=yes
lt_cv_prog_gnu_ldcxx=yes
lt_cv_sharedlib_from_linklib_cmd='printf %s\n'
lt_cv_shlibpath_overrides_runpath=yes
lt_cv_sys_global_symbol_pipe='sed -n -e '\''s/^.*[	 ]\([ABCDGIRSTW][ABCDGIRSTW]*\)[	 ][	 ]*\([_A-Za-z][_A-Za-z0-9]*\)$/\1 \2 \2/p'\'' | sed '\''/ __gnu_lto/d'\'''
lt_cv_sys_global_symbol_to_c_name_address='sed -n -e '\''s/^: \(.*\) .*$/  {"\1", (void *) 0},/p'\'' -e '\''s/^[ABCDGIRSTW][ABCDGIRSTW]* .* \(.*\)$/  {"\1", (void *) \&\1},/p'\'''
lt_cv_sys_global_symbol_to_c_name_address_lib_prefix='sed -n -e '\''s/^: \(.*\) .*$/  {"\1", (void *) 0},/p'\'' -e '\''s/^[ABCDGIRSTW][ABCDGIRSTW]* .* \(lib.*\)$/  {"\1", (void *) \&\1},/p'\'' -e '\''s/^[ABCDGIRSTW][ABCDGIRSTW]* .* \(.*\)$/  {"lib\1", (void *) \&\1},/p'\'''
lt_cv_sys_global_symbol_to_cdecl='sed -n -e '\''s/^T .* \(.*\)$/extern int \1();/p'\'' -e '\''s/^[ABCDGIRSTW][ABCDGIRSTW]* .* \(.*\)$/extern char \1;/p'\'''
lt_cv_sys_global_symbol_to_import=
lt_cv_sys_max_cmd_len=1572864
lt_cv_to_host_file_cmd=func_convert_file_noop
lt_cv_to_tool_file_cmd=func_convert_file_noop
lt_cv_truncate_bin='/bin/dd bs=4096 count=1'

## ----------------- ##
## Output variables. ##
## ----------------- ##

ACLOCAL='${SHELL} /home/julian/cop4520-wait-free-queue/mrlock/bin/missing aclocal-1.15'
AMDEPBACKSLASH='\'
AMDEP_FALSE='#'
AMDEP_TRUE=''
AMTAR='$${TAR-tar}'
AM_BACKSLASH='\'
AM_DEFAULT_V='$(AM_DEFAULT_VERBOSITY)'
AM_DEFAULT_VERBOSITY='1'
AM_V='$(V)'
AR='ar'
AUTOCONF='${SHELL} /home/julian/cop4520-wait-free-queue/mrlock/bin/missing autoconf'
AUTOHEADER='${SHELL} /home/julian/cop4520-wait-free-queue/mrlock/bin/missing autoheader'
AUTOMAKE='${SHELL} /home/julian/cop4520-wait-free-queue/mrlock/bin/missing automake-1.15'
AWK='mawk'
BOOST_CPPFLAGS='-I/usr/include'
BOOST_LDFLAGS='-L/usr/lib'
CC='gcc'
CCDEPMODE='depmode=gcc3'
CFLAGS='-g -O2'
CPP='gcc -E'
CPPFLAGS=''
CXX='g++'
CXXCPP='g++ -E'
CXXDEPMODE='depmode=gcc3'
CXXFLAGS='-g -O1 -Wl,--no-as-needed'
CYGPATH_W='echo'
DEFS='-DHAVE_CONFIG_H'
DEPDIR='.deps'
DLLTOOL='false'
DSYMUTIL=''
DUMPBIN=''
ECHO_C=''
ECHO_N='-n'
ECHO_T=''
EGREP='/bin/grep -E'
EXEEXT=''
FGREP='/bin/grep -F'
GREP='/bin/grep'
INSTALL_DATA='${INSTALL} -m 644'
INSTALL_PROGRAM='${INSTALL}'
INSTALL_SCRIPT='${INSTALL}'
INSTALL_STRIP_PROGRAM='$(install_sh) -c -s'
LD='/usr/bin/ld -m elf_x86_64'
LDFLAGS=''
LIBOBJS=''
LIBS='-ltbb -lpthread '
LIBTOOL='$(SHELL) $(top_builddir)/libtool'
LIPO=''
LN_S='ln -s'
LTLIBOBJS=''
LT_SYS_LIBRARY_PATH=''
MAKEINFO='${SHELL} /home/julian/cop4520-wait-free-queue/mrlock/bin/missing makeinfo'
MANIFEST_TOOL=':'
MKDIR_P='/bin/mkdir -p'
NM='/usr/bin/nm -B'
NMEDIT=''
OBJDUMP='objdump'
OBJEXT='o'
OTOOL64=''
OTOOL=''
PACKAGE='mrlock'
PACKAGE_BUGREPORT='de-li.zhang@knights.ucf.edu'
PACKAGE_NAME='mrlock'
PACKAGE_STRING='mrlock 1.0'
PACKAGE_TARNAME='mrlock'
PACKAGE_URL=''
PACKAGE_VERSION='1.0'
PATH_SEPARATOR=':'
RANLIB='ranlib'
SED='/bin/sed'
SET_MAKE=''
SHELL='/bin/bash'
STRIP='strip'
VERSION='1.0'
WARN_FLAGS='-Wall'
ac_ct_AR='ar'
ac_ct_CC='gcc'
ac_ct_CXX='g++'
ac_ct_DUMPBIN=''
am__EXEEXT_FALSE=''
am__EXEEXT_TRUE='#'
am__fastdepCC_FALSE='#'
am__fastdepCC_TRUE=''
am__fastdepCXX_FALSE='#'
am__fastdepCXX_TRUE=''
am__include='include'
am__isrc=''
am__leading_dot='.'
am__nodep='_no'
am__quote=''
am__tar='$${TAR-tar} chof - "$$tardir"'
am__untar='$${TAR-tar} xf -'
bindir='${exec_prefix}/bin'
build='x86_64-pc-linux-gnu'
build_alias=''
build_cpu='x86_64'
build_os='linux-gnu'
build_vendor='pc'
datadir='${datarootdir}'
datarootdir='${prefix}/share'
docdir='${datarootdir}/doc/${PACKAGE_TARNAME}'
dvidir='${docdir}'
exec_prefix='${prefix}'
host='x86_64-pc-linux-gnu'
host_alias=''
host_cpu='x86_64'
host_os='linux-gnu'
host_vendor='pc'
htmldir='${docdir}'
includedir='${prefix}/include'
infodir='${datarootdir}/info'
install_sh='${SHELL} /home/julian/cop4520-wait-free-queue/mrlock/bin/install-sh'
libdir='${exec_prefix}/lib'
libexecdir='${exec_prefix}/libexec'
localedir='${datarootdir}/locale'
localstatedir='${prefix}/var'
mandir='${datarootdir}/man'
mkdir_p='$(MKDIR_P)'
oldincludedir='/usr/include'
pdfdir='${docdir}'
prefix='/usr/local'
program_transform_name='s,x,x,'
psdir='${docdir}'
runstatedir='${localstatedir}/run'
sbindir='${exec_prefix}/sbin'
sharedstatedir='${prefix}/com'
sysconfdir='${prefix}/etc'
target_alias=''

## ----------- ##
## confdefs.h. ##
## ----------- ##

/* confdefs.h */
#define PACKAGE_NAME "mrlock"
#define PACKAGE_TARNAME "mrlock"
#define PACKAGE_VERSION "1.0"
#define PACKAGE_STRING "mrlock 1.0"
#define PACKAGE_BUGREPORT "de-li.zhang@knights.ucf.edu"
#define PACKAGE_URL ""
#define PACKAGE "mrlock"
#define VERSION "1.0"
#define STDC_HEADERS 1
#define HAVE_SYS_TYPES_H 1
#define HAVE_SYS_STAT_H 1
#define HAVE_STDLIB_H 1
#define HAVE_STRING_H 1
#define HAVE_MEMORY_H 1
#define HAVE_STRINGS_H 1
#define HAVE_INTTYPES_H 1
#define HAVE_STDINT_H 1
#define HAVE_UNISTD_H 1
#define HAVE_DLFCN_H 1
#define LT_OBJDIR ".libs/"
#define HAVE_LIBPTHREAD 1
#define HAVE_BOOST /**/
#define HAVE_LIBTBB 1
#define HAVE_GETTIMEOFDAY 1
#define HAVE_GETRUSAGE 1
#define HAVE_CLOCK_GETTIME 1

configure: exit 0
